#
# There is insufficient memory for the Java Runtime Environment to continue.
# Native memory allocation (malloc) failed to allocate 241056 bytes for Chunk::new
# Possible reasons:
#   The system is out of physical RAM or swap space
#   The process is running with CompressedOops enabled, and the Java Heap may be blocking the growth of the native heap
# Possible solutions:
#   Reduce memory load on the system
#   Increase physical memory or swap space
#   Check if swap backing store is full
#   Decrease Java heap size (-Xmx/-Xms)
#   Decrease number of Java threads
#   Decrease Java thread stack sizes (-Xss)
#   Set larger code cache with -XX:ReservedCodeCacheSize=
#   JVM is running with Unscaled Compressed Oops mode in which the Java heap is
#     placed in the first 4GB address space. The Java Heap base address is the
#     maximum limit for the native heap growth. Please use -XX:HeapBaseMinAddress
#     to set the Java Heap base and to place the Java Heap above 4GB virtual address.
# This output file may be truncated or incomplete.
#
#  Out of Memory Error (src/hotspot/share/memory/arena.cpp:197), pid=20136, tid=22240
#
# JRE version: OpenJDK Runtime Environment JBR-11.0.14.1.1-2043.25-jcef (11.0.14.1+1) (build 11.0.14.1+1-b2043.25)
# Java VM: OpenJDK 64-Bit Server VM JBR-11.0.14.1.1-2043.25-jcef (11.0.14.1+1-b2043.25, mixed mode, tiered, compressed oops, g1 gc, windows-amd64)
# No core dump will be written. Minidumps are not enabled by default on client versions of Windows
#

---------------  S U M M A R Y ------------

Command Line: git4idea.http.GitAskPassApp Username for 'https://github.com': 

Host: Intel(R) Core(TM) i5-8265U CPU @ 1.60GHz, 8 cores, 7G,  Windows 10 , 64 bit Build 19041 (10.0.19041.4957)
Time: Fri Oct 25 17:50:28 2024 대한민국 표준시 elapsed time: 0.973371 seconds (0d 0h 0m 0s)

---------------  T H R E A D  ---------------

Current thread (0x0000021948a90800):  JavaThread "C2 CompilerThread0" daemon [_thread_in_native, id=22240, stack(0x000000d2db500000,0x000000d2db600000)]


Current CompileTask:
C2:    973  138 %     4       java.util.zip.ZipFile$Source::initCEN @ 228 (697 bytes)

Stack: [0x000000d2db500000,0x000000d2db600000]
Native frames: (J=compiled Java code, j=interpreted, Vv=VM code, C=native code)
V  [jvm.dll+0x61618a]
V  [jvm.dll+0x79c450]
V  [jvm.dll+0x79da6d]
V  [jvm.dll+0x79e143]
V  [jvm.dll+0x24c968]
V  [jvm.dll+0xc13dc]
V  [jvm.dll+0xc190c]
V  [jvm.dll+0x2c1f24]
V  [jvm.dll+0x528d6b]
V  [jvm.dll+0x206541]
V  [jvm.dll+0x203ee2]
V  [jvm.dll+0x18b5e1]
V  [jvm.dll+0x212c6f]
V  [jvm.dll+0x211511]
V  [jvm.dll+0x762b9f]
V  [jvm.dll+0x75b755]
V  [jvm.dll+0x614df6]
C  [ucrtbase.dll+0x21bb2]
C  [KERNEL32.DLL+0x17374]
C  [ntdll.dll+0x4cc91]


---------------  P R O C E S S  ---------------

Threads class SMR info:
_java_thread_list=0x0000021948d68d90, length=10, elements={
0x000002192dc44800, 0x0000021948181000, 0x0000021948182800, 0x0000021948a88000,
0x0000021948a8b000, 0x0000021948a8c000, 0x0000021948a90800, 0x0000021948a9d800,
0x0000021948aa0800, 0x0000021948c1f800
}

Java Threads: ( => current thread )
  0x000002192dc44800 JavaThread "main" [_thread_in_Java, id=24540, stack(0x000000d2da900000,0x000000d2daa00000)]
  0x0000021948181000 JavaThread "Reference Handler" daemon [_thread_blocked, id=17376, stack(0x000000d2db000000,0x000000d2db100000)]
  0x0000021948182800 JavaThread "Finalizer" daemon [_thread_blocked, id=27992, stack(0x000000d2db100000,0x000000d2db200000)]
  0x0000021948a88000 JavaThread "Signal Dispatcher" daemon [_thread_blocked, id=15288, stack(0x000000d2db200000,0x000000d2db300000)]
  0x0000021948a8b000 JavaThread "Attach Listener" daemon [_thread_blocked, id=26892, stack(0x000000d2db300000,0x000000d2db400000)]
  0x0000021948a8c000 JavaThread "Service Thread" daemon [_thread_blocked, id=3872, stack(0x000000d2db400000,0x000000d2db500000)]
=>0x0000021948a90800 JavaThread "C2 CompilerThread0" daemon [_thread_in_native, id=22240, stack(0x000000d2db500000,0x000000d2db600000)]
  0x0000021948a9d800 JavaThread "C1 CompilerThread0" daemon [_thread_in_native, id=10136, stack(0x000000d2db600000,0x000000d2db700000)]
  0x0000021948aa0800 JavaThread "Sweeper thread" daemon [_thread_blocked, id=2496, stack(0x000000d2db700000,0x000000d2db800000)]
  0x0000021948c1f800 JavaThread "Common-Cleaner" daemon [_thread_blocked, id=30284, stack(0x000000d2db900000,0x000000d2dba00000)]

Other Threads:
  0x000002194815e800 VMThread "VM Thread" [stack: 0x000000d2daf00000,0x000000d2db000000] [id=13048]
  0x0000021948c15000 WatcherThread [stack: 0x000000d2db800000,0x000000d2db900000] [id=19024]
  0x000002192dc5d800 GCTaskThread "GC Thread#0" [stack: 0x000000d2daa00000,0x000000d2dab00000] [id=20928]
  0x000002192dc8e000 ConcurrentGCThread "G1 Main Marker" [stack: 0x000000d2dab00000,0x000000d2dac00000] [id=27000]
  0x000002192dc90800 ConcurrentGCThread "G1 Conc#0" [stack: 0x000000d2dac00000,0x000000d2dad00000] [id=11056]
  0x000002192dd1d800 ConcurrentGCThread "G1 Refine#0" [stack: 0x000000d2dad00000,0x000000d2dae00000] [id=11208]
  0x0000021947fc6800 ConcurrentGCThread "G1 Young RemSet Sampling" [stack: 0x000000d2dae00000,0x000000d2daf00000] [id=4816]

Threads with active compile tasks:
C2 CompilerThread0   1066  138 %     4       java.util.zip.ZipFile$Source::initCEN @ 228 (697 bytes)
C1 CompilerThread0   1066  145   !   3       java.lang.StringCoding::decode (362 bytes)

VM state:not at safepoint (normal execution)

VM Mutex/Monitor currently owned by a thread: None

Heap address: 0x0000000081a00000, size: 2022 MB, Compressed Oops mode: 32-bit
Narrow klass base: 0x0000000000000000, Narrow klass shift: 3
Compressed class space size: 1073741824 Address: 0x0000000100000000

Heap:
 garbage-first heap   total 131072K, used 14336K [0x0000000081a00000, 0x0000000100000000)
  region size 1024K, 3 young (3072K), 0 survivors (0K)
 Metaspace       used 4701K, capacity 4738K, committed 4864K, reserved 1056768K
  class space    used 402K, capacity 426K, committed 512K, reserved 1048576K
Heap Regions: E=young(eden), S=young(survivor), O=old, HS=humongous(starts), HC=humongous(continues), CS=collection set, F=free, A=archive, TAMS=top-at-mark-start (previous, next)
|   0|0x0000000081a00000, 0x0000000081b00000, 0x0000000081b00000|100%|HS|  |TAMS 0x0000000081a00000, 0x0000000081a00000| Complete 
|   1|0x0000000081b00000, 0x0000000081c00000, 0x0000000081c00000|100%|HC|  |TAMS 0x0000000081b00000, 0x0000000081b00000| Complete 
|   2|0x0000000081c00000, 0x0000000081d00000, 0x0000000081d00000|100%|HC|  |TAMS 0x0000000081c00000, 0x0000000081c00000| Complete 
|   3|0x0000000081d00000, 0x0000000081e00000, 0x0000000081e00000|100%|HC|  |TAMS 0x0000000081d00000, 0x0000000081d00000| Complete 
|   4|0x0000000081e00000, 0x0000000081f00000, 0x0000000081f00000|100%|HC|  |TAMS 0x0000000081e00000, 0x0000000081e00000| Complete 
|   5|0x0000000081f00000, 0x0000000082000000, 0x0000000082000000|100%|HC|  |TAMS 0x0000000081f00000, 0x0000000081f00000| Complete 
|   6|0x0000000082000000, 0x0000000082100000, 0x0000000082100000|100%|HC|  |TAMS 0x0000000082000000, 0x0000000082000000| Complete 
|   7|0x0000000082100000, 0x0000000082200000, 0x0000000082200000|100%|HC|  |TAMS 0x0000000082100000, 0x0000000082100000| Complete 
|   8|0x0000000082200000, 0x0000000082300000, 0x0000000082300000|100%|HC|  |TAMS 0x0000000082200000, 0x0000000082200000| Complete 
|   9|0x0000000082300000, 0x0000000082400000, 0x0000000082400000|100%|HC|  |TAMS 0x0000000082300000, 0x0000000082300000| Complete 
|  10|0x0000000082400000, 0x0000000082500000, 0x0000000082500000|100%|HC|  |TAMS 0x0000000082400000, 0x0000000082400000| Complete 
|  11|0x0000000082500000, 0x0000000082600000, 0x0000000082600000|100%|HS|  |TAMS 0x0000000082500000, 0x0000000082500000| Complete 
|  12|0x0000000082600000, 0x0000000082700000, 0x0000000082700000|100%|HC|  |TAMS 0x0000000082600000, 0x0000000082600000| Complete 
|  13|0x0000000082700000, 0x0000000082700000, 0x0000000082800000|  0%| F|  |TAMS 0x0000000082700000, 0x0000000082700000| Untracked 
|  14|0x0000000082800000, 0x0000000082800000, 0x0000000082900000|  0%| F|  |TAMS 0x0000000082800000, 0x0000000082800000| Untracked 
|  15|0x0000000082900000, 0x0000000082900000, 0x0000000082a00000|  0%| F|  |TAMS 0x0000000082900000, 0x0000000082900000| Untracked 
|  16|0x0000000082a00000, 0x0000000082a00000, 0x0000000082b00000|  0%| F|  |TAMS 0x0000000082a00000, 0x0000000082a00000| Untracked 
|  17|0x0000000082b00000, 0x0000000082b00000, 0x0000000082c00000|  0%| F|  |TAMS 0x0000000082b00000, 0x0000000082b00000| Untracked 
|  18|0x0000000082c00000, 0x0000000082c00000, 0x0000000082d00000|  0%| F|  |TAMS 0x0000000082c00000, 0x0000000082c00000| Untracked 
|  19|0x0000000082d00000, 0x0000000082d00000, 0x0000000082e00000|  0%| F|  |TAMS 0x0000000082d00000, 0x0000000082d00000| Untracked 
|  20|0x0000000082e00000, 0x0000000082e00000, 0x0000000082f00000|  0%| F|  |TAMS 0x0000000082e00000, 0x0000000082e00000| Untracked 
|  21|0x0000000082f00000, 0x0000000082f00000, 0x0000000083000000|  0%| F|  |TAMS 0x0000000082f00000, 0x0000000082f00000| Untracked 
|  22|0x0000000083000000, 0x0000000083000000, 0x0000000083100000|  0%| F|  |TAMS 0x0000000083000000, 0x0000000083000000| Untracked 
|  23|0x0000000083100000, 0x0000000083100000, 0x0000000083200000|  0%| F|  |TAMS 0x0000000083100000, 0x0000000083100000| Untracked 
|  24|0x0000000083200000, 0x0000000083200000, 0x0000000083300000|  0%| F|  |TAMS 0x0000000083200000, 0x0000000083200000| Untracked 
|  25|0x0000000083300000, 0x0000000083300000, 0x0000000083400000|  0%| F|  |TAMS 0x0000000083300000, 0x0000000083300000| Untracked 
|  26|0x0000000083400000, 0x0000000083400000, 0x0000000083500000|  0%| F|  |TAMS 0x0000000083400000, 0x0000000083400000| Untracked 
|  27|0x0000000083500000, 0x0000000083500000, 0x0000000083600000|  0%| F|  |TAMS 0x0000000083500000, 0x0000000083500000| Untracked 
|  28|0x0000000083600000, 0x0000000083600000, 0x0000000083700000|  0%| F|  |TAMS 0x0000000083600000, 0x0000000083600000| Untracked 
|  29|0x0000000083700000, 0x0000000083700000, 0x0000000083800000|  0%| F|  |TAMS 0x0000000083700000, 0x0000000083700000| Untracked 
|  30|0x0000000083800000, 0x0000000083800000, 0x0000000083900000|  0%| F|  |TAMS 0x0000000083800000, 0x0000000083800000| Untracked 
|  31|0x0000000083900000, 0x0000000083900000, 0x0000000083a00000|  0%| F|  |TAMS 0x0000000083900000, 0x0000000083900000| Untracked 
|  32|0x0000000083a00000, 0x0000000083a00000, 0x0000000083b00000|  0%| F|  |TAMS 0x0000000083a00000, 0x0000000083a00000| Untracked 
|  33|0x0000000083b00000, 0x0000000083b00000, 0x0000000083c00000|  0%| F|  |TAMS 0x0000000083b00000, 0x0000000083b00000| Untracked 
|  34|0x0000000083c00000, 0x0000000083c00000, 0x0000000083d00000|  0%| F|  |TAMS 0x0000000083c00000, 0x0000000083c00000| Untracked 
|  35|0x0000000083d00000, 0x0000000083d00000, 0x0000000083e00000|  0%| F|  |TAMS 0x0000000083d00000, 0x0000000083d00000| Untracked 
|  36|0x0000000083e00000, 0x0000000083e00000, 0x0000000083f00000|  0%| F|  |TAMS 0x0000000083e00000, 0x0000000083e00000| Untracked 
|  37|0x0000000083f00000, 0x0000000083f00000, 0x0000000084000000|  0%| F|  |TAMS 0x0000000083f00000, 0x0000000083f00000| Untracked 
|  38|0x0000000084000000, 0x0000000084000000, 0x0000000084100000|  0%| F|  |TAMS 0x0000000084000000, 0x0000000084000000| Untracked 
|  39|0x0000000084100000, 0x0000000084100000, 0x0000000084200000|  0%| F|  |TAMS 0x0000000084100000, 0x0000000084100000| Untracked 
|  40|0x0000000084200000, 0x0000000084200000, 0x0000000084300000|  0%| F|  |TAMS 0x0000000084200000, 0x0000000084200000| Untracked 
|  41|0x0000000084300000, 0x0000000084300000, 0x0000000084400000|  0%| F|  |TAMS 0x0000000084300000, 0x0000000084300000| Untracked 
|  42|0x0000000084400000, 0x0000000084400000, 0x0000000084500000|  0%| F|  |TAMS 0x0000000084400000, 0x0000000084400000| Untracked 
|  43|0x0000000084500000, 0x0000000084500000, 0x0000000084600000|  0%| F|  |TAMS 0x0000000084500000, 0x0000000084500000| Untracked 
|  44|0x0000000084600000, 0x0000000084600000, 0x0000000084700000|  0%| F|  |TAMS 0x0000000084600000, 0x0000000084600000| Untracked 
|  45|0x0000000084700000, 0x0000000084700000, 0x0000000084800000|  0%| F|  |TAMS 0x0000000084700000, 0x0000000084700000| Untracked 
|  46|0x0000000084800000, 0x0000000084800000, 0x0000000084900000|  0%| F|  |TAMS 0x0000000084800000, 0x0000000084800000| Untracked 
|  47|0x0000000084900000, 0x0000000084900000, 0x0000000084a00000|  0%| F|  |TAMS 0x0000000084900000, 0x0000000084900000| Untracked 
|  48|0x0000000084a00000, 0x0000000084a00000, 0x0000000084b00000|  0%| F|  |TAMS 0x0000000084a00000, 0x0000000084a00000| Untracked 
|  49|0x0000000084b00000, 0x0000000084b00000, 0x0000000084c00000|  0%| F|  |TAMS 0x0000000084b00000, 0x0000000084b00000| Untracked 
|  50|0x0000000084c00000, 0x0000000084c00000, 0x0000000084d00000|  0%| F|  |TAMS 0x0000000084c00000, 0x0000000084c00000| Untracked 
|  51|0x0000000084d00000, 0x0000000084d00000, 0x0000000084e00000|  0%| F|  |TAMS 0x0000000084d00000, 0x0000000084d00000| Untracked 
|  52|0x0000000084e00000, 0x0000000084e00000, 0x0000000084f00000|  0%| F|  |TAMS 0x0000000084e00000, 0x0000000084e00000| Untracked 
|  53|0x0000000084f00000, 0x0000000084f00000, 0x0000000085000000|  0%| F|  |TAMS 0x0000000084f00000, 0x0000000084f00000| Untracked 
|  54|0x0000000085000000, 0x0000000085000000, 0x0000000085100000|  0%| F|  |TAMS 0x0000000085000000, 0x0000000085000000| Untracked 
|  55|0x0000000085100000, 0x0000000085100000, 0x0000000085200000|  0%| F|  |TAMS 0x0000000085100000, 0x0000000085100000| Untracked 
|  56|0x0000000085200000, 0x0000000085200000, 0x0000000085300000|  0%| F|  |TAMS 0x0000000085200000, 0x0000000085200000| Untracked 
|  57|0x0000000085300000, 0x0000000085300000, 0x0000000085400000|  0%| F|  |TAMS 0x0000000085300000, 0x0000000085300000| Untracked 
|  58|0x0000000085400000, 0x0000000085400000, 0x0000000085500000|  0%| F|  |TAMS 0x0000000085400000, 0x0000000085400000| Untracked 
|  59|0x0000000085500000, 0x0000000085500000, 0x0000000085600000|  0%| F|  |TAMS 0x0000000085500000, 0x0000000085500000| Untracked 
|  60|0x0000000085600000, 0x0000000085600000, 0x0000000085700000|  0%| F|  |TAMS 0x0000000085600000, 0x0000000085600000| Untracked 
|  61|0x0000000085700000, 0x0000000085700000, 0x0000000085800000|  0%| F|  |TAMS 0x0000000085700000, 0x0000000085700000| Untracked 
|  62|0x0000000085800000, 0x0000000085800000, 0x0000000085900000|  0%| F|  |TAMS 0x0000000085800000, 0x0000000085800000| Untracked 
|  63|0x0000000085900000, 0x0000000085900000, 0x0000000085a00000|  0%| F|  |TAMS 0x0000000085900000, 0x0000000085900000| Untracked 
|  64|0x0000000085a00000, 0x0000000085a00000, 0x0000000085b00000|  0%| F|  |TAMS 0x0000000085a00000, 0x0000000085a00000| Untracked 
|  65|0x0000000085b00000, 0x0000000085b00000, 0x0000000085c00000|  0%| F|  |TAMS 0x0000000085b00000, 0x0000000085b00000| Untracked 
|  66|0x0000000085c00000, 0x0000000085c00000, 0x0000000085d00000|  0%| F|  |TAMS 0x0000000085c00000, 0x0000000085c00000| Untracked 
|  67|0x0000000085d00000, 0x0000000085d00000, 0x0000000085e00000|  0%| F|  |TAMS 0x0000000085d00000, 0x0000000085d00000| Untracked 
|  68|0x0000000085e00000, 0x0000000085e00000, 0x0000000085f00000|  0%| F|  |TAMS 0x0000000085e00000, 0x0000000085e00000| Untracked 
|  69|0x0000000085f00000, 0x0000000085f00000, 0x0000000086000000|  0%| F|  |TAMS 0x0000000085f00000, 0x0000000085f00000| Untracked 
|  70|0x0000000086000000, 0x0000000086000000, 0x0000000086100000|  0%| F|  |TAMS 0x0000000086000000, 0x0000000086000000| Untracked 
|  71|0x0000000086100000, 0x0000000086100000, 0x0000000086200000|  0%| F|  |TAMS 0x0000000086100000, 0x0000000086100000| Untracked 
|  72|0x0000000086200000, 0x0000000086200000, 0x0000000086300000|  0%| F|  |TAMS 0x0000000086200000, 0x0000000086200000| Untracked 
|  73|0x0000000086300000, 0x0000000086300000, 0x0000000086400000|  0%| F|  |TAMS 0x0000000086300000, 0x0000000086300000| Untracked 
|  74|0x0000000086400000, 0x0000000086400000, 0x0000000086500000|  0%| F|  |TAMS 0x0000000086400000, 0x0000000086400000| Untracked 
|  75|0x0000000086500000, 0x0000000086500000, 0x0000000086600000|  0%| F|  |TAMS 0x0000000086500000, 0x0000000086500000| Untracked 
|  76|0x0000000086600000, 0x0000000086600000, 0x0000000086700000|  0%| F|  |TAMS 0x0000000086600000, 0x0000000086600000| Untracked 
|  77|0x0000000086700000, 0x0000000086700000, 0x0000000086800000|  0%| F|  |TAMS 0x0000000086700000, 0x0000000086700000| Untracked 
|  78|0x0000000086800000, 0x0000000086800000, 0x0000000086900000|  0%| F|  |TAMS 0x0000000086800000, 0x0000000086800000| Untracked 
|  79|0x0000000086900000, 0x0000000086900000, 0x0000000086a00000|  0%| F|  |TAMS 0x0000000086900000, 0x0000000086900000| Untracked 
|  80|0x0000000086a00000, 0x0000000086a00000, 0x0000000086b00000|  0%| F|  |TAMS 0x0000000086a00000, 0x0000000086a00000| Untracked 
|  81|0x0000000086b00000, 0x0000000086b00000, 0x0000000086c00000|  0%| F|  |TAMS 0x0000000086b00000, 0x0000000086b00000| Untracked 
|  82|0x0000000086c00000, 0x0000000086c00000, 0x0000000086d00000|  0%| F|  |TAMS 0x0000000086c00000, 0x0000000086c00000| Untracked 
|  83|0x0000000086d00000, 0x0000000086d00000, 0x0000000086e00000|  0%| F|  |TAMS 0x0000000086d00000, 0x0000000086d00000| Untracked 
|  84|0x0000000086e00000, 0x0000000086e00000, 0x0000000086f00000|  0%| F|  |TAMS 0x0000000086e00000, 0x0000000086e00000| Untracked 
|  85|0x0000000086f00000, 0x0000000086f00000, 0x0000000087000000|  0%| F|  |TAMS 0x0000000086f00000, 0x0000000086f00000| Untracked 
|  86|0x0000000087000000, 0x0000000087000000, 0x0000000087100000|  0%| F|  |TAMS 0x0000000087000000, 0x0000000087000000| Untracked 
|  87|0x0000000087100000, 0x0000000087100000, 0x0000000087200000|  0%| F|  |TAMS 0x0000000087100000, 0x0000000087100000| Untracked 
|  88|0x0000000087200000, 0x0000000087200000, 0x0000000087300000|  0%| F|  |TAMS 0x0000000087200000, 0x0000000087200000| Untracked 
|  89|0x0000000087300000, 0x0000000087300000, 0x0000000087400000|  0%| F|  |TAMS 0x0000000087300000, 0x0000000087300000| Untracked 
|  90|0x0000000087400000, 0x0000000087400000, 0x0000000087500000|  0%| F|  |TAMS 0x0000000087400000, 0x0000000087400000| Untracked 
|  91|0x0000000087500000, 0x0000000087500000, 0x0000000087600000|  0%| F|  |TAMS 0x0000000087500000, 0x0000000087500000| Untracked 
|  92|0x0000000087600000, 0x0000000087600000, 0x0000000087700000|  0%| F|  |TAMS 0x0000000087600000, 0x0000000087600000| Untracked 
|  93|0x0000000087700000, 0x0000000087700000, 0x0000000087800000|  0%| F|  |TAMS 0x0000000087700000, 0x0000000087700000| Untracked 
|  94|0x0000000087800000, 0x0000000087800000, 0x0000000087900000|  0%| F|  |TAMS 0x0000000087800000, 0x0000000087800000| Untracked 
|  95|0x0000000087900000, 0x0000000087900000, 0x0000000087a00000|  0%| F|  |TAMS 0x0000000087900000, 0x0000000087900000| Untracked 
|  96|0x0000000087a00000, 0x0000000087a00000, 0x0000000087b00000|  0%| F|  |TAMS 0x0000000087a00000, 0x0000000087a00000| Untracked 
|  97|0x0000000087b00000, 0x0000000087b00000, 0x0000000087c00000|  0%| F|  |TAMS 0x0000000087b00000, 0x0000000087b00000| Untracked 
|  98|0x0000000087c00000, 0x0000000087c00000, 0x0000000087d00000|  0%| F|  |TAMS 0x0000000087c00000, 0x0000000087c00000| Untracked 
|  99|0x0000000087d00000, 0x0000000087d00000, 0x0000000087e00000|  0%| F|  |TAMS 0x0000000087d00000, 0x0000000087d00000| Untracked 
| 100|0x0000000087e00000, 0x0000000087e00000, 0x0000000087f00000|  0%| F|  |TAMS 0x0000000087e00000, 0x0000000087e00000| Untracked 
| 101|0x0000000087f00000, 0x0000000087f00000, 0x0000000088000000|  0%| F|  |TAMS 0x0000000087f00000, 0x0000000087f00000| Untracked 
| 102|0x0000000088000000, 0x0000000088000000, 0x0000000088100000|  0%| F|  |TAMS 0x0000000088000000, 0x0000000088000000| Untracked 
| 103|0x0000000088100000, 0x0000000088100000, 0x0000000088200000|  0%| F|  |TAMS 0x0000000088100000, 0x0000000088100000| Untracked 
| 104|0x0000000088200000, 0x0000000088200000, 0x0000000088300000|  0%| F|  |TAMS 0x0000000088200000, 0x0000000088200000| Untracked 
| 105|0x0000000088300000, 0x0000000088300000, 0x0000000088400000|  0%| F|  |TAMS 0x0000000088300000, 0x0000000088300000| Untracked 
| 106|0x0000000088400000, 0x0000000088400000, 0x0000000088500000|  0%| F|  |TAMS 0x0000000088400000, 0x0000000088400000| Untracked 
| 107|0x0000000088500000, 0x0000000088500000, 0x0000000088600000|  0%| F|  |TAMS 0x0000000088500000, 0x0000000088500000| Untracked 
| 108|0x0000000088600000, 0x0000000088600000, 0x0000000088700000|  0%| F|  |TAMS 0x0000000088600000, 0x0000000088600000| Untracked 
| 109|0x0000000088700000, 0x0000000088700000, 0x0000000088800000|  0%| F|  |TAMS 0x0000000088700000, 0x0000000088700000| Untracked 
| 110|0x0000000088800000, 0x0000000088800000, 0x0000000088900000|  0%| F|  |TAMS 0x0000000088800000, 0x0000000088800000| Untracked 
| 111|0x0000000088900000, 0x0000000088900000, 0x0000000088a00000|  0%| F|  |TAMS 0x0000000088900000, 0x0000000088900000| Untracked 
| 112|0x0000000088a00000, 0x0000000088a00000, 0x0000000088b00000|  0%| F|  |TAMS 0x0000000088a00000, 0x0000000088a00000| Untracked 
| 113|0x0000000088b00000, 0x0000000088b00000, 0x0000000088c00000|  0%| F|  |TAMS 0x0000000088b00000, 0x0000000088b00000| Untracked 
| 114|0x0000000088c00000, 0x0000000088c00000, 0x0000000088d00000|  0%| F|  |TAMS 0x0000000088c00000, 0x0000000088c00000| Untracked 
| 115|0x0000000088d00000, 0x0000000088d00000, 0x0000000088e00000|  0%| F|  |TAMS 0x0000000088d00000, 0x0000000088d00000| Untracked 
| 116|0x0000000088e00000, 0x0000000088e00000, 0x0000000088f00000|  0%| F|  |TAMS 0x0000000088e00000, 0x0000000088e00000| Untracked 
| 117|0x0000000088f00000, 0x0000000088f00000, 0x0000000089000000|  0%| F|  |TAMS 0x0000000088f00000, 0x0000000088f00000| Untracked 
| 118|0x0000000089000000, 0x0000000089000000, 0x0000000089100000|  0%| F|  |TAMS 0x0000000089000000, 0x0000000089000000| Untracked 
| 119|0x0000000089100000, 0x0000000089100000, 0x0000000089200000|  0%| F|  |TAMS 0x0000000089100000, 0x0000000089100000| Untracked 
| 120|0x0000000089200000, 0x0000000089200000, 0x0000000089300000|  0%| F|  |TAMS 0x0000000089200000, 0x0000000089200000| Untracked 
| 121|0x0000000089300000, 0x0000000089300000, 0x0000000089400000|  0%| F|  |TAMS 0x0000000089300000, 0x0000000089300000| Untracked 
| 122|0x0000000089400000, 0x0000000089400000, 0x0000000089500000|  0%| F|  |TAMS 0x0000000089400000, 0x0000000089400000| Untracked 
| 123|0x0000000089500000, 0x0000000089500000, 0x0000000089600000|  0%| F|  |TAMS 0x0000000089500000, 0x0000000089500000| Untracked 
| 124|0x0000000089600000, 0x0000000089600000, 0x0000000089700000|  0%| F|  |TAMS 0x0000000089600000, 0x0000000089600000| Untracked 
| 125|0x0000000089700000, 0x00000000897af260, 0x0000000089800000| 68%| E|  |TAMS 0x0000000089700000, 0x0000000089700000| Complete 
| 126|0x0000000089800000, 0x0000000089900000, 0x0000000089900000|100%| E|  |TAMS 0x0000000089800000, 0x0000000089800000| Complete 
| 127|0x0000000089900000, 0x0000000089a00000, 0x0000000089a00000|100%| E|CS|TAMS 0x0000000089900000, 0x0000000089900000| Complete 

Card table byte_map: [0x0000021940fd0000,0x00000219413d0000] _byte_map_base: 0x0000021940bc3000

Marking Bits (Prev, Next): (CMBitMap*) 0x000002192dc856d8, (CMBitMap*) 0x000002192dc85710
 Prev Bits: [0x00000219417d0000, 0x0000021943768000)
 Next Bits: [0x0000021943770000, 0x0000021945708000)

Polling page: 0x000002192bc00000

Metaspace:

Usage:
  Non-class:      4.21 MB capacity,     4.20 MB (>99%) used,    10.91 KB ( <1%) free+waste,   640 bytes ( <1%) overhead. 
      Class:    426.00 KB capacity,   402.03 KB ( 94%) used,    23.53 KB (  6%) free+waste,   448 bytes ( <1%) overhead. 
       Both:      4.63 MB capacity,     4.59 MB (>99%) used,    34.45 KB ( <1%) free+waste,     1.06 KB ( <1%) overhead. 

Virtual space:
  Non-class space:        8.00 MB reserved,       4.25 MB ( 53%) committed 
      Class space:        1.00 GB reserved,     512.00 KB ( <1%) committed 
             Both:        1.01 GB reserved,       4.75 MB ( <1%) committed 

Chunk freelists:
   Non-Class:  40.00 KB
       Class:  22.00 KB
        Both:  62.00 KB

MaxMetaspaceSize: 17179869184.00 GB
CompressedClassSpaceSize: 1.00 GB
Initial GC threshold: 20.80 MB
Current GC threshold: 20.80 MB
CDS: off

CodeHeap 'non-profiled nmethods': size=120000Kb used=35Kb max_used=35Kb free=119964Kb
 bounds [0x0000021939370000, 0x00000219395e0000, 0x00000219408a0000]
CodeHeap 'profiled nmethods': size=120000Kb used=222Kb max_used=222Kb free=119777Kb
 bounds [0x0000021931e40000, 0x00000219320b0000, 0x0000021939370000]
CodeHeap 'non-nmethods': size=5760Kb used=1061Kb max_used=1073Kb free=4698Kb
 bounds [0x00000219318a0000, 0x0000021931b10000, 0x0000021931e40000]
 total_blobs=437 nmethods=143 adapters=207
 compilation: enabled
              stopped_count=0, restarted_count=0
 full_count=0

Compilation events (20 events):
Event: 0.831 Thread 0x0000021948a9d800 nmethod 133 0x0000021931e68d10 code [0x0000021931e68f20, 0x0000021931e69458]
Event: 0.831 Thread 0x0000021948a9d800  134       3       java.lang.Integer::valueOf (32 bytes)
Event: 0.831 Thread 0x0000021948a9d800 nmethod 134 0x0000021931e69690 code [0x0000021931e69860, 0x0000021931e69b78]
Event: 0.834 Thread 0x0000021948c1a000 nmethod 135 0x0000021939378490 code [0x0000021939378640, 0x0000021939378878]
Event: 0.908 Thread 0x0000021948a9d800  136 %     3       java.util.zip.ZipFile$Source::initCEN @ 228 (697 bytes)
Event: 0.917 Thread 0x0000021948a9d800 nmethod 136% 0x0000021931e69d10 code [0x0000021931e6a380, 0x0000021931e6dda8]
Event: 0.917 Thread 0x0000021948a9d800  137       3       java.util.zip.ZipFile$Source::initCEN (697 bytes)
Event: 0.923 Thread 0x0000021948a9d800 nmethod 137 0x0000021931e6f810 code [0x0000021931e6fe60, 0x0000021931e736c8]
Event: 0.950 Thread 0x0000021948a90800  138 %     4       java.util.zip.ZipFile$Source::initCEN @ 228 (697 bytes)
Event: 0.956 Thread 0x0000021948a9d800  139       3       java.lang.StringCoding::hasNegatives (25 bytes)
Event: 0.956 Thread 0x0000021948a9d800 nmethod 139 0x0000021931e75010 code [0x0000021931e751c0, 0x0000021931e753d8]
Event: 0.956 Thread 0x0000021948a9d800  140       3       java.lang.String::checkBoundsOffCount (61 bytes)
Event: 0.958 Thread 0x0000021948a9d800 nmethod 140 0x0000021931e75510 code [0x0000021931e757e0, 0x0000021931e76318]
Event: 0.958 Thread 0x0000021948a9d800  142       3       java.lang.ThreadLocal::getMap (5 bytes)
Event: 0.958 Thread 0x0000021948a9d800 nmethod 142 0x0000021931e76790 code [0x0000021931e76940, 0x0000021931e76a38]
Event: 0.958 Thread 0x0000021948a9d800  143       3       java.lang.ThreadLocal::get (38 bytes)
Event: 0.958 Thread 0x0000021948a9d800 nmethod 143 0x0000021931e76b10 code [0x0000021931e76ce0, 0x0000021931e76fd8]
Event: 0.959 Thread 0x0000021948a9d800  144       3       java.lang.String::<init> (55 bytes)
Event: 0.960 Thread 0x0000021948a9d800 nmethod 144 0x0000021931e77190 code [0x0000021931e77380, 0x0000021931e776e8]
Event: 0.960 Thread 0x0000021948a9d800  145   !   3       java.lang.StringCoding::decode (362 bytes)

GC Heap History (0 events):
No events

Deoptimization events (20 events):
Event: 0.790 Thread 0x000002192dc44800 DEOPT PACKING pc=0x0000021931e6380e sp=0x000000d2da9f93b0
Event: 0.790 Thread 0x000002192dc44800 DEOPT UNPACKING pc=0x00000219318ea95e sp=0x000000d2da9f8850 mode 0
Event: 0.791 Thread 0x000002192dc44800 DEOPT PACKING pc=0x0000021931e631bb sp=0x000000d2da9f9380
Event: 0.791 Thread 0x000002192dc44800 DEOPT UNPACKING pc=0x00000219318ea95e sp=0x000000d2da9f8850 mode 0
Event: 0.791 Thread 0x000002192dc44800 DEOPT PACKING pc=0x0000021931e6380e sp=0x000000d2da9f93b0
Event: 0.791 Thread 0x000002192dc44800 DEOPT UNPACKING pc=0x00000219318ea95e sp=0x000000d2da9f8850 mode 0
Event: 0.792 Thread 0x000002192dc44800 DEOPT PACKING pc=0x0000021931e631bb sp=0x000000d2da9f9380
Event: 0.792 Thread 0x000002192dc44800 DEOPT UNPACKING pc=0x00000219318ea95e sp=0x000000d2da9f8850 mode 0
Event: 0.792 Thread 0x000002192dc44800 DEOPT PACKING pc=0x0000021931e6380e sp=0x000000d2da9f93b0
Event: 0.792 Thread 0x000002192dc44800 DEOPT UNPACKING pc=0x00000219318ea95e sp=0x000000d2da9f8850 mode 0
Event: 0.793 Thread 0x000002192dc44800 DEOPT PACKING pc=0x0000021931e631bb sp=0x000000d2da9f9380
Event: 0.793 Thread 0x000002192dc44800 DEOPT UNPACKING pc=0x00000219318ea95e sp=0x000000d2da9f8850 mode 0
Event: 0.793 Thread 0x000002192dc44800 DEOPT PACKING pc=0x0000021931e6380e sp=0x000000d2da9f93b0
Event: 0.793 Thread 0x000002192dc44800 DEOPT UNPACKING pc=0x00000219318ea95e sp=0x000000d2da9f8850 mode 0
Event: 0.794 Thread 0x000002192dc44800 DEOPT PACKING pc=0x0000021931e6380e sp=0x000000d2da9f93b0
Event: 0.794 Thread 0x000002192dc44800 DEOPT UNPACKING pc=0x00000219318ea95e sp=0x000000d2da9f8850 mode 0
Event: 0.822 Thread 0x000002192dc44800 Uncommon trap: trap_request=0xffffff4d fr.pc=0x00000219393777d8 relative=0x00000000000000b8
Event: 0.822 Thread 0x000002192dc44800 Uncommon trap: reason=unstable_if action=reinterpret pc=0x00000219393777d8 method=java.util.zip.ZipFile$Source.isMetaName([BII)Z @ 57 c2
Event: 0.822 Thread 0x000002192dc44800 DEOPT PACKING pc=0x00000219393777d8 sp=0x000000d2da9f93b0
Event: 0.822 Thread 0x000002192dc44800 DEOPT UNPACKING pc=0x00000219318ea1af sp=0x000000d2da9f9358 mode 2

Classes redefined (0 events):
No events

Internal exceptions (0 events):
No events

Events (20 events):
Event: 0.677 loading class java/security/UnresolvedPermission
Event: 0.680 loading class java/security/UnresolvedPermission done
Event: 0.680 loading class java/security/SecureClassLoader$DebugHolder
Event: 0.680 loading class java/security/SecureClassLoader$DebugHolder done
Event: 0.680 loading class sun/security/util/Debug
Event: 0.681 loading class sun/security/util/Debug done
Event: 0.681 loading class externalApp/ExternalApp
Event: 0.681 loading class externalApp/ExternalApp done
Event: 0.688 loading class java/lang/PublicMethods$MethodList
Event: 0.689 loading class java/lang/PublicMethods$MethodList done
Event: 0.689 loading class java/lang/PublicMethods$Key
Event: 0.689 loading class java/lang/PublicMethods$Key done
Event: 0.689 loading class externalApp/ExternalAppUtil
Event: 0.689 loading class externalApp/ExternalAppUtil done
Event: 0.690 loading class java/lang/IllegalStateException
Event: 0.691 loading class java/lang/IllegalStateException done
Event: 0.692 loading class org/apache/xmlrpc/XmlRpcException
Event: 0.692 loading class org/apache/xmlrpc/XmlRpcException done
Event: 0.815 Thread 0x0000021948c1a000 Thread added: 0x0000021948c1a000
Event: 0.950 Thread 0x0000021948c1a000 Thread exited: 0x0000021948c1a000


Dynamic libraries:
0x00007ff635410000 - 0x00007ff63541a000 	C:\Program Files\JetBrains\IntelliJ IDEA 2022.1\jbr\bin\java.exe
0x00007ff93b230000 - 0x00007ff93b428000 	C:\WINDOWS\SYSTEM32\ntdll.dll
0x00007ff939430000 - 0x00007ff9394f2000 	C:\WINDOWS\System32\KERNEL32.DLL
0x00007ff938cc0000 - 0x00007ff938fbe000 	C:\WINDOWS\System32\KERNELBASE.dll
0x00007ff939060000 - 0x00007ff939160000 	C:\WINDOWS\System32\ucrtbase.dll
0x00007ff903cd0000 - 0x00007ff903ce9000 	C:\Program Files\JetBrains\IntelliJ IDEA 2022.1\jbr\bin\jli.dll
0x00007ff903270000 - 0x00007ff903286000 	C:\Program Files\JetBrains\IntelliJ IDEA 2022.1\jbr\bin\VCRUNTIME140.dll
0x00007ff93aef0000 - 0x00007ff93b08d000 	C:\WINDOWS\System32\USER32.dll
0x00007ff9391b0000 - 0x00007ff9391d2000 	C:\WINDOWS\System32\win32u.dll
0x00007ff93a330000 - 0x00007ff93a35b000 	C:\WINDOWS\System32\GDI32.dll
0x00007ff938ac0000 - 0x00007ff938bd7000 	C:\WINDOWS\System32\gdi32full.dll
0x00007ff938fc0000 - 0x00007ff93905d000 	C:\WINDOWS\System32\msvcp_win.dll
0x00007ff91c140000 - 0x00007ff91c3da000 	C:\WINDOWS\WinSxS\amd64_microsoft.windows.common-controls_6595b64144ccf1df_6.0.19041.4355_none_60b8b9eb71f62e16\COMCTL32.dll
0x00007ff93a290000 - 0x00007ff93a32e000 	C:\WINDOWS\System32\msvcrt.dll
0x00007ff939d00000 - 0x00007ff939d2f000 	C:\WINDOWS\System32\IMM32.DLL
0x00007ff8eeaa0000 - 0x00007ff8eeb4a000 	C:\Program Files\JetBrains\IntelliJ IDEA 2022.1\jbr\bin\msvcp140.dll
0x00007ff8e5930000 - 0x00007ff8e64aa000 	C:\Program Files\JetBrains\IntelliJ IDEA 2022.1\jbr\bin\server\jvm.dll
0x00007ff939e40000 - 0x00007ff939ef2000 	C:\WINDOWS\System32\ADVAPI32.dll
0x00007ff93a1f0000 - 0x00007ff93a290000 	C:\WINDOWS\System32\sechost.dll
0x00007ff93a640000 - 0x00007ff93a763000 	C:\WINDOWS\System32\RPCRT4.dll
0x00007ff938be0000 - 0x00007ff938c07000 	C:\WINDOWS\System32\bcrypt.dll
0x00007ff93aee0000 - 0x00007ff93aee8000 	C:\WINDOWS\System32\PSAPI.DLL
0x00007ff92cec0000 - 0x00007ff92cee7000 	C:\WINDOWS\SYSTEM32\WINMM.dll
0x00007ff931950000 - 0x00007ff93195a000 	C:\WINDOWS\SYSTEM32\VERSION.dll
0x00007ff929ef0000 - 0x00007ff929ef9000 	C:\WINDOWS\SYSTEM32\WSOCK32.dll
0x00007ff939f10000 - 0x00007ff939f7b000 	C:\WINDOWS\System32\WS2_32.dll
0x00007ff936710000 - 0x00007ff936722000 	C:\WINDOWS\SYSTEM32\kernel.appcore.dll
0x00007ff931960000 - 0x00007ff931971000 	C:\Program Files\JetBrains\IntelliJ IDEA 2022.1\jbr\bin\verify.dll
0x00007ff935c50000 - 0x00007ff935e34000 	C:\WINDOWS\SYSTEM32\DBGHELP.DLL
0x00007ff9283f0000 - 0x00007ff928424000 	C:\WINDOWS\SYSTEM32\dbgcore.DLL
0x00007ff9388d0000 - 0x00007ff938952000 	C:\WINDOWS\System32\bcryptPrimitives.dll
0x00007ff928020000 - 0x00007ff928049000 	C:\Program Files\JetBrains\IntelliJ IDEA 2022.1\jbr\bin\java.dll
0x00007ff9338b0000 - 0x00007ff9338bb000 	C:\Program Files\JetBrains\IntelliJ IDEA 2022.1\jbr\bin\jimage.dll
0x00007ff9281c0000 - 0x00007ff9281d9000 	C:\Program Files\JetBrains\IntelliJ IDEA 2022.1\jbr\bin\zip.dll
0x00007ff93a770000 - 0x00007ff93aedf000 	C:\WINDOWS\System32\SHELL32.dll
0x00007ff936910000 - 0x00007ff9370b4000 	C:\WINDOWS\SYSTEM32\windows.storage.dll
0x00007ff939980000 - 0x00007ff939cd3000 	C:\WINDOWS\System32\combase.dll
0x00007ff938300000 - 0x00007ff93832e000 	C:\WINDOWS\SYSTEM32\Wldp.dll
0x00007ff93a0c0000 - 0x00007ff93a18d000 	C:\WINDOWS\System32\OLEAUT32.dll
0x00007ff93b140000 - 0x00007ff93b1ed000 	C:\WINDOWS\System32\SHCORE.dll
0x00007ff939370000 - 0x00007ff9393c5000 	C:\WINDOWS\System32\shlwapi.dll
0x00007ff938800000 - 0x00007ff938824000 	C:\WINDOWS\SYSTEM32\profapi.dll
0x00007ff927cc0000 - 0x00007ff927cda000 	C:\Program Files\JetBrains\IntelliJ IDEA 2022.1\jbr\bin\net.dll
0x00007ff931610000 - 0x00007ff93171d000 	C:\WINDOWS\SYSTEM32\WINHTTP.dll
0x00007ff938010000 - 0x00007ff93807a000 	C:\WINDOWS\system32\mswsock.dll
0x00007ff925fb0000 - 0x00007ff925fc4000 	C:\Program Files\JetBrains\IntelliJ IDEA 2022.1\jbr\bin\nio.dll

dbghelp: loaded successfully - version: 4.0.5 - missing functions: none
symbol engine: initialized successfully - sym options: 0x614 - pdb path: .;C:\Program Files\JetBrains\IntelliJ IDEA 2022.1\jbr\bin;C:\WINDOWS\SYSTEM32;C:\WINDOWS\WinSxS\amd64_microsoft.windows.common-controls_6595b64144ccf1df_6.0.19041.4355_none_60b8b9eb71f62e16;C:\Program Files\JetBrains\IntelliJ IDEA 2022.1\jbr\bin\server

VM Arguments:
java_command: git4idea.http.GitAskPassApp Username for 'https://github.com': 
java_class_path (initial): C:/Program Files/JetBrains/IntelliJ IDEA 2022.1/plugins/git4idea/lib/git4idea-rt.jar;C:/Program Files/JetBrains/IntelliJ IDEA 2022.1/lib/externalProcess-rt.jar;C:/Program Files/JetBrains/IntelliJ IDEA 2022.1/lib/app.jar;C:/Program Files/JetBrains/IntelliJ IDEA 2022.1/lib/3rd-party-rt.jar
Launcher Type: SUN_STANDARD

[Global flags]
     intx CICompilerCount                          = 4                                         {product} {ergonomic}
     uint ConcGCThreads                            = 2                                         {product} {ergonomic}
     uint G1ConcRefinementThreads                  = 8                                         {product} {ergonomic}
   size_t G1HeapRegionSize                         = 1048576                                   {product} {ergonomic}
    uintx GCDrainStackTargetSize                   = 64                                        {product} {ergonomic}
   size_t InitialHeapSize                          = 134217728                                 {product} {ergonomic}
   size_t MarkStackSize                            = 4194304                                   {product} {ergonomic}
   size_t MaxHeapSize                              = 2120220672                                {product} {ergonomic}
   size_t MaxNewSize                               = 1271922688                                {product} {ergonomic}
   size_t MinHeapDeltaBytes                        = 1048576                                   {product} {ergonomic}
    uintx NonNMethodCodeHeapSize                   = 5836300                                {pd product} {ergonomic}
    uintx NonProfiledCodeHeapSize                  = 122910970                              {pd product} {ergonomic}
    uintx ProfiledCodeHeapSize                     = 122910970                              {pd product} {ergonomic}
    uintx ReservedCodeCacheSize                    = 251658240                              {pd product} {ergonomic}
     bool SegmentedCodeCache                       = true                                      {product} {ergonomic}
     bool UseCompressedClassPointers               = true                                 {lp64_product} {ergonomic}
     bool UseCompressedOops                        = true                                 {lp64_product} {ergonomic}
     bool UseG1GC                                  = true                                      {product} {ergonomic}
     bool UseLargePagesIndividualAllocation        = false                                  {pd product} {ergonomic}

Logging:
Log output configuration:
 #0: stdout all=warning uptime,level,tags
 #1: stderr all=off uptime,level,tags

Environment Variables:
JAVA_HOME=C:\Program Files\Java\jdk-17
PATH=C:\Program Files\Git\mingw64\libexec\git-core;C:\Program Files\Git\mingw64\libexec\git-core;C:\Program Files\Git\mingw64\bin;C:\Program Files\Git\usr\bin;C:\Users\fhohf\bin;C:\Program Files\Common Files\Oracle\Java\javapath;C:\app\fhohf\product\11.2.0\dbhome_2\bin;C:\Program Files\Java\jdk-17\bin;C:\oraclexe\app\oracle\product\11.2.0\server\bin;C:\Program Files (x86)\Common Files\Oracle\Java\javapath;C:\Program Files (x86)\NAT Service;C:\Windows\system32;C:\Windows;C:\Windows\System32\Wbem;C:\Windows\System32\WindowsPowerShell\v1.0;C:\Windows\System32\OpenSSH;C:\Program Files (x86)\NVIDIA Corporation\PhysX\Common;C:\Program Files\NVIDIA Corporation\NVIDIA NvDLISR;C:\WINDOWS\system32;C:\WINDOWS;C:\WINDOWS\System32\Wbem;C:\WINDOWS\System32\WindowsPowerShell\v1.0;C:\WINDOWS\System32\OpenSSH;C:\Program Files\dotnet;C:\Program Files\Git\cmd;C:\Program Files\Docker\Docker\resources\bin;C:\Program Files\MySQL\MySQL Server 8.0\bin;C:\Program Files\nodejs;C:\Users\fhohf\apache-maven-3.9.9\bin;C:\confluent-6.1.0\bin;C:\Program Files\Java\jdk-17;C:\Program Files\MySQL\MySQL Shell 8.0\bin;C:\Users\fhohf\AppData\Local\Programs\Python\Python38-32\Scripts;C:\Users\fhohf\AppData\Local\Programs\Python\Python38-32;C:\Users\fhohf\AppData\Local\Microsoft\WindowsApps;C:\Users\fhohf\AppData\Local\GitHubDesktop\bin;C:\Program Files\Bandizip;C:\Users\fhohf\.dotnet\tools;C:\Users\fhohf\AppData\Local\Programs\Microsoft VS Code\bin;C:\Program Files\erl-23.1;C:\Program Files\RabbitMQ Server\rabbitmq_server-3.8.11\sbin;C:\Users\fhohf\AppData\Local\gitkraken\bin;C:\Users\fhohf\AppData\Roaming\npm;C:\Program Files\RabbitMQ Server\rabbitmq_server-3.8.11\sbin
USERNAME=fhohf
DISPLAY=:0.0
LC_ALL=en_US.UTF-8
OS=Windows_NT
PROCESSOR_IDENTIFIER=Intel64 Family 6 Model 142 Stepping 12, GenuineIntel



---------------  S Y S T E M  ---------------

OS: Windows 10 , 64 bit Build 19041 (10.0.19041.4957)
OS uptime: 8 days 19:43 hours
Hyper-V role detected

CPU:total 8 (initial active 8) (4 cores per cpu, 2 threads per core) family 6 model 142 stepping 12 microcode 0xb8, cmov, cx8, fxsr, mmx, sse, sse2, sse3, ssse3, sse4.1, sse4.2, popcnt, avx, avx2, aes, clmul, erms, 3dnowpref, lzcnt, ht, tsc, tscinvbit, bmi1, bmi2, adx, fma

Memory: 4k page, system-wide physical 8083M (497M free)
TotalPageFile size 32659M (AvailPageFile size 5M)
current process WorkingSet (physical memory assigned to process): 50M, peak: 50M
current process commit charge ("private bytes"): 205M, peak: 205M

vm_info: OpenJDK 64-Bit Server VM (11.0.14.1+1-b2043.25) for windows-amd64 JRE (11.0.14.1+1-b2043.25), built on Mar 30 2022 06:22:56 by "" with MS VC++ 14.0 (VS2015)

END.
